2024-12-10 11:21:36.436  INFO --- [kground-preinit] o.h.v.i.u.Version                        : HV000001: Hibernate Validator 8.0.1.Final
2024-12-10 11:21:36.473  INFO --- [           main] o.e.Main                                 : Starting Main using Java 17.0.12 with PID 74138 (/Users/erdlei_v/IdeaProjects/Furniture_Store/target/classes started by erdlei_v in /Users/erdlei_v/IdeaProjects/Furniture_Store)
2024-12-10 11:21:36.474  INFO --- [           main] o.e.Main                                 : No active profile set, falling back to 1 default profile: "default"
2024-12-10 11:21:36.780  INFO --- [           main] .s.d.r.c.RepositoryConfigurationDelegate : Bootstrapping Spring Data JPA repositories in DEFAULT mode.
2024-12-10 11:21:36.836  INFO --- [           main] .s.d.r.c.RepositoryConfigurationDelegate : Finished Spring Data repository scanning in 53 ms. Found 7 JPA repository interfaces.
2024-12-10 11:21:37.245  INFO --- [           main] o.s.b.w.e.t.TomcatWebServer              : Tomcat initialized with port(s): 8080 (http)
2024-12-10 11:21:37.251  INFO --- [           main] o.a.c.h.Http11NioProtocol                : Initializing ProtocolHandler ["http-nio-8080"]
2024-12-10 11:21:37.252  INFO --- [           main] o.a.c.c.StandardService                  : Starting service [Tomcat]
2024-12-10 11:21:37.253  INFO --- [           main] o.a.c.c.StandardEngine                   : Starting Servlet engine: [Apache Tomcat/10.1.13]
2024-12-10 11:21:37.295  INFO --- [           main] o.a.c.c.C.[.[.[/]                        : Initializing Spring embedded WebApplicationContext
2024-12-10 11:21:37.295  INFO --- [           main] w.s.c.ServletWebServerApplicationContext : Root WebApplicationContext: initialization completed in 807 ms
2024-12-10 11:21:37.405  INFO --- [           main] c.z.h.HikariDataSource                   : HikariPool-1 - Starting...
2024-12-10 11:21:37.735  INFO --- [           main] c.z.h.p.HikariPool                       : HikariPool-1 - Added connection com.mysql.cj.jdbc.ConnectionImpl@24955144
2024-12-10 11:21:37.736  INFO --- [           main] c.z.h.HikariDataSource                   : HikariPool-1 - Start completed.
2024-12-10 11:21:38.169  INFO --- [           main] l.changelog                              : Reading from furniture.databasechangelog
2024-12-10 11:21:38.181  INFO --- [           main] l.ui                                     : Database is up to date, no changesets to execute
2024-12-10 11:21:38.185  INFO --- [           main] l.changelog                              : Reading from furniture.databasechangelog
2024-12-10 11:21:38.190  INFO --- [           main] l.util                                   : UPDATE SUMMARY
2024-12-10 11:21:38.190  INFO --- [           main] l.util                                   : Run:                          0
2024-12-10 11:21:38.190  INFO --- [           main] l.util                                   : Previously run:               0
2024-12-10 11:21:38.191  INFO --- [           main] l.util                                   : Filtered out:                 0
2024-12-10 11:21:38.191  INFO --- [           main] l.util                                   : -------------------------------
2024-12-10 11:21:38.191  INFO --- [           main] l.util                                   : Total change sets:            0
2024-12-10 11:21:38.191  INFO --- [           main] l.util                                   : Update summary generated
2024-12-10 11:21:38.201  INFO --- [           main] l.lockservice                            : Successfully released change log lock
2024-12-10 11:21:38.202  INFO --- [           main] l.command                                : Command execution complete
2024-12-10 11:21:38.237  INFO --- [           main] o.h.j.i.u.LogHelper                      : HHH000204: Processing PersistenceUnitInfo [name: default]
2024-12-10 11:21:38.264  INFO --- [           main] o.h.Version                              : HHH000412: Hibernate ORM core version 6.2.9.Final
2024-12-10 11:21:38.265  INFO --- [           main] o.h.c.Environment                        : HHH000406: Using bytecode reflection optimizer
2024-12-10 11:21:38.318  INFO --- [           main] o.h.b.i.BytecodeProviderInitiator        : HHH000021: Bytecode provider name : bytebuddy
2024-12-10 11:21:38.377  INFO --- [           main] o.s.o.j.p.SpringPersistenceUnitInfo      : No LoadTimeWeaver setup: ignoring JPA class transformer
2024-12-10 11:21:38.392  WARN --- [           main] o.h.o.deprecation                        : HHH90000026: MySQL8Dialect has been deprecated; use org.hibernate.dialect.MySQLDialect instead
2024-12-10 11:21:38.489  INFO --- [           main] o.h.b.i.BytecodeProviderInitiator        : HHH000021: Bytecode provider name : bytebuddy
2024-12-10 11:21:38.836  INFO --- [           main] o.h.e.t.j.p.i.JtaPlatformInitiator       : HHH000490: Using JtaPlatform implementation: [org.hibernate.engine.transaction.jta.platform.internal.NoJtaPlatform]
2024-12-10 11:21:38.917  INFO --- [           main] j.LocalContainerEntityManagerFactoryBean : Initialized JPA EntityManagerFactory for persistence unit 'default'
2024-12-10 11:21:39.093  INFO --- [           main] o.s.d.j.r.q.QueryEnhancerFactory         : Hibernate is in classpath; If applicable, HQL parser will be used.
2024-12-10 11:21:39.430  WARN --- [           main] JpaBaseConfiguration$JpaWebConfiguration : spring.jpa.open-in-view is enabled by default. Therefore, database queries may be performed during view rendering. Explicitly configure spring.jpa.open-in-view to disable this warning
2024-12-10 11:21:39.611  INFO --- [           main] o.s.b.a.e.w.EndpointLinksResolver        : Exposing 1 endpoint(s) beneath base path '/actuator'
2024-12-10 11:21:39.642  INFO --- [           main] o.s.s.w.DefaultSecurityFilterChain       : Will secure any request with [org.springframework.security.web.session.DisableEncodeUrlFilter@6363292b, org.springframework.security.web.context.request.async.WebAsyncManagerIntegrationFilter@571bce3, org.springframework.security.web.context.SecurityContextHolderFilter@486d5c27, org.springframework.security.web.header.HeaderWriterFilter@fc7308, org.springframework.security.web.authentication.logout.LogoutFilter@213e10c9, org.example.security.JwtFilter@43ab9ae9, org.springframework.security.web.savedrequest.RequestCacheAwareFilter@e586785, org.springframework.security.web.servletapi.SecurityContextHolderAwareRequestFilter@35ad6d3, org.springframework.security.web.authentication.AnonymousAuthenticationFilter@3ac662ba, org.springframework.security.web.session.SessionManagementFilter@23720740, org.springframework.security.web.access.ExceptionTranslationFilter@2a0b4810, org.springframework.security.web.access.intercept.AuthorizationFilter@37da25c9]
2024-12-10 11:21:39.857  INFO --- [           main] o.a.c.h.Http11NioProtocol                : Starting ProtocolHandler ["http-nio-8080"]
2024-12-10 11:21:39.864  INFO --- [           main] o.s.b.w.e.t.TomcatWebServer              : Tomcat started on port(s): 8080 (http) with context path ''
2024-12-10 11:21:39.873  INFO --- [           main] o.e.Main                                 : Started Main in 3.555 seconds (process running for 3.996)
2024-12-10 11:21:40.481  INFO --- [2)-192.168.2.81] o.a.c.c.C.[.[.[/]                        : Initializing Spring DispatcherServlet 'dispatcherServlet'
2024-12-10 11:21:40.481  INFO --- [2)-192.168.2.81] o.s.w.s.DispatcherServlet                : Initializing Servlet 'dispatcherServlet'
2024-12-10 11:21:40.482  INFO --- [2)-192.168.2.81] o.s.w.s.DispatcherServlet                : Completed initialization in 1 ms
2024-12-10 11:22:21.781  INFO --- [ionShutdownHook] j.LocalContainerEntityManagerFactoryBean : Closing JPA EntityManagerFactory for persistence unit 'default'
2024-12-10 11:22:21.784  INFO --- [ionShutdownHook] c.z.h.HikariDataSource                   : HikariPool-1 - Shutdown initiated...
2024-12-10 11:22:21.790  INFO --- [ionShutdownHook] c.z.h.HikariDataSource                   : HikariPool-1 - Shutdown completed.
2024-12-10 11:22:23.016  INFO --- [kground-preinit] o.h.v.i.u.Version                        : HV000001: Hibernate Validator 8.0.1.Final
2024-12-10 11:22:23.063  INFO --- [           main] o.e.Main                                 : Starting Main using Java 17.0.12 with PID 75115 (/Users/erdlei_v/IdeaProjects/Furniture_Store/target/classes started by erdlei_v in /Users/erdlei_v/IdeaProjects/Furniture_Store)
2024-12-10 11:22:23.066  INFO --- [           main] o.e.Main                                 : No active profile set, falling back to 1 default profile: "default"
2024-12-10 11:22:23.330  INFO --- [           main] .s.d.r.c.RepositoryConfigurationDelegate : Bootstrapping Spring Data JPA repositories in DEFAULT mode.
2024-12-10 11:22:23.379  INFO --- [           main] .s.d.r.c.RepositoryConfigurationDelegate : Finished Spring Data repository scanning in 47 ms. Found 7 JPA repository interfaces.
2024-12-10 11:22:23.737  INFO --- [           main] o.s.b.w.e.t.TomcatWebServer              : Tomcat initialized with port(s): 8080 (http)
2024-12-10 11:22:23.740  INFO --- [           main] o.a.c.h.Http11NioProtocol                : Initializing ProtocolHandler ["http-nio-8080"]
2024-12-10 11:22:23.741  INFO --- [           main] o.a.c.c.StandardService                  : Starting service [Tomcat]
2024-12-10 11:22:23.741  INFO --- [           main] o.a.c.c.StandardEngine                   : Starting Servlet engine: [Apache Tomcat/10.1.13]
2024-12-10 11:22:23.769  INFO --- [           main] o.a.c.c.C.[.[.[/]                        : Initializing Spring embedded WebApplicationContext
2024-12-10 11:22:23.769  INFO --- [           main] w.s.c.ServletWebServerApplicationContext : Root WebApplicationContext: initialization completed in 685 ms
2024-12-10 11:22:23.860  INFO --- [           main] c.z.h.HikariDataSource                   : HikariPool-1 - Starting...
2024-12-10 11:22:23.977  INFO --- [           main] c.z.h.p.HikariPool                       : HikariPool-1 - Added connection com.mysql.cj.jdbc.ConnectionImpl@1feb76b9
2024-12-10 11:22:23.977  INFO --- [           main] c.z.h.HikariDataSource                   : HikariPool-1 - Start completed.
2024-12-10 11:22:24.191  INFO --- [           main] l.changelog                              : Reading from furniture.databasechangelog
2024-12-10 11:22:24.201  INFO --- [           main] l.ui                                     : Database is up to date, no changesets to execute
2024-12-10 11:22:24.203  INFO --- [           main] l.changelog                              : Reading from furniture.databasechangelog
2024-12-10 11:22:24.208  INFO --- [           main] l.util                                   : UPDATE SUMMARY
2024-12-10 11:22:24.208  INFO --- [           main] l.util                                   : Run:                          0
2024-12-10 11:22:24.208  INFO --- [           main] l.util                                   : Previously run:               0
2024-12-10 11:22:24.208  INFO --- [           main] l.util                                   : Filtered out:                 0
2024-12-10 11:22:24.208  INFO --- [           main] l.util                                   : -------------------------------
2024-12-10 11:22:24.208  INFO --- [           main] l.util                                   : Total change sets:            0
2024-12-10 11:22:24.208  INFO --- [           main] l.util                                   : Update summary generated
2024-12-10 11:22:24.216  INFO --- [           main] l.lockservice                            : Successfully released change log lock
2024-12-10 11:22:24.217  INFO --- [           main] l.command                                : Command execution complete
2024-12-10 11:22:24.246  INFO --- [           main] o.h.j.i.u.LogHelper                      : HHH000204: Processing PersistenceUnitInfo [name: default]
2024-12-10 11:22:24.263  INFO --- [           main] o.h.Version                              : HHH000412: Hibernate ORM core version 6.2.9.Final
2024-12-10 11:22:24.264  INFO --- [           main] o.h.c.Environment                        : HHH000406: Using bytecode reflection optimizer
2024-12-10 11:22:24.299  INFO --- [           main] o.h.b.i.BytecodeProviderInitiator        : HHH000021: Bytecode provider name : bytebuddy
2024-12-10 11:22:24.337  INFO --- [           main] o.s.o.j.p.SpringPersistenceUnitInfo      : No LoadTimeWeaver setup: ignoring JPA class transformer
2024-12-10 11:22:24.346  WARN --- [           main] o.h.o.deprecation                        : HHH90000026: MySQL8Dialect has been deprecated; use org.hibernate.dialect.MySQLDialect instead
2024-12-10 11:22:24.421  INFO --- [           main] o.h.b.i.BytecodeProviderInitiator        : HHH000021: Bytecode provider name : bytebuddy
2024-12-10 11:22:24.684  INFO --- [           main] o.h.e.t.j.p.i.JtaPlatformInitiator       : HHH000490: Using JtaPlatform implementation: [org.hibernate.engine.transaction.jta.platform.internal.NoJtaPlatform]
2024-12-10 11:22:24.764  INFO --- [           main] j.LocalContainerEntityManagerFactoryBean : Initialized JPA EntityManagerFactory for persistence unit 'default'
2024-12-10 11:22:24.916  INFO --- [           main] o.s.d.j.r.q.QueryEnhancerFactory         : Hibernate is in classpath; If applicable, HQL parser will be used.
2024-12-10 11:22:25.227  WARN --- [           main] JpaBaseConfiguration$JpaWebConfiguration : spring.jpa.open-in-view is enabled by default. Therefore, database queries may be performed during view rendering. Explicitly configure spring.jpa.open-in-view to disable this warning
2024-12-10 11:22:25.391  INFO --- [           main] o.s.b.a.e.w.EndpointLinksResolver        : Exposing 1 endpoint(s) beneath base path '/actuator'
2024-12-10 11:22:25.420  INFO --- [           main] o.s.s.w.DefaultSecurityFilterChain       : Will secure any request with [org.springframework.security.web.session.DisableEncodeUrlFilter@6f821442, org.springframework.security.web.context.request.async.WebAsyncManagerIntegrationFilter@33517c92, org.springframework.security.web.context.SecurityContextHolderFilter@3bd710f8, org.springframework.security.web.header.HeaderWriterFilter@6bd679b4, org.springframework.security.web.authentication.logout.LogoutFilter@59cda7a8, org.example.security.JwtFilter@46a388cc, org.springframework.security.web.savedrequest.RequestCacheAwareFilter@30a3c1e1, org.springframework.security.web.servletapi.SecurityContextHolderAwareRequestFilter@4f3db580, org.springframework.security.web.authentication.AnonymousAuthenticationFilter@19a7b10d, org.springframework.security.web.session.SessionManagementFilter@5fd4377, org.springframework.security.web.access.ExceptionTranslationFilter@321a4c09, org.springframework.security.web.access.intercept.AuthorizationFilter@1159baca]
2024-12-10 11:22:25.619  INFO --- [           main] o.a.c.h.Http11NioProtocol                : Starting ProtocolHandler ["http-nio-8080"]
2024-12-10 11:22:25.625  INFO --- [           main] o.s.b.w.e.t.TomcatWebServer              : Tomcat started on port(s): 8080 (http) with context path ''
2024-12-10 11:22:25.632  INFO --- [           main] o.e.Main                                 : Started Main in 2.834 seconds (process running for 3.177)
2024-12-10 11:22:25.870  INFO --- [2)-192.168.2.81] o.a.c.c.C.[.[.[/]                        : Initializing Spring DispatcherServlet 'dispatcherServlet'
2024-12-10 11:22:25.870  INFO --- [2)-192.168.2.81] o.s.w.s.DispatcherServlet                : Initializing Servlet 'dispatcherServlet'
2024-12-10 11:22:25.871  INFO --- [2)-192.168.2.81] o.s.w.s.DispatcherServlet                : Completed initialization in 1 ms
2024-12-10 11:25:54.366 DEBUG --- [nio-8080-exec-1] o.s.s.w.FilterChainProxy                 : Securing POST /api/orders/addProduct/1?quantity=1
2024-12-10 11:25:54.388 ERROR --- [nio-8080-exec-1] o.e.s.JwtFilter                          : Invalid JWT token
io.jsonwebtoken.ExpiredJwtException: JWT expired at 2024-12-10T10:18:32Z. Current time: 2024-12-10T10:25:54Z, a difference of 442387 milliseconds.  Allowed clock skew: 0 milliseconds.
	at io.jsonwebtoken.impl.DefaultJwtParser.parse(DefaultJwtParser.java:427)
	at io.jsonwebtoken.impl.DefaultJwtParser.parse(DefaultJwtParser.java:529)
	at io.jsonwebtoken.impl.DefaultJwtParser.parseClaimsJws(DefaultJwtParser.java:589)
	at io.jsonwebtoken.impl.ImmutableJwtParser.parseClaimsJws(ImmutableJwtParser.java:173)
	at org.example.service.JwtService.validateToken(JwtService.java:31)
	at org.example.security.JwtFilter.doFilterInternal(JwtFilter.java:39)
	at org.springframework.web.filter.OncePerRequestFilter.doFilter(OncePerRequestFilter.java:116)
	at org.springframework.security.web.ObservationFilterChainDecorator$ObservationFilter.wrapFilter(ObservationFilterChainDecorator.java:240)
	at org.springframework.security.web.ObservationFilterChainDecorator$ObservationFilter.doFilter(ObservationFilterChainDecorator.java:227)
	at org.springframework.security.web.ObservationFilterChainDecorator$VirtualFilterChain.doFilter(ObservationFilterChainDecorator.java:137)
	at org.springframework.security.web.authentication.logout.LogoutFilter.doFilter(LogoutFilter.java:107)
	at org.springframework.security.web.authentication.logout.LogoutFilter.doFilter(LogoutFilter.java:93)
	at org.springframework.security.web.ObservationFilterChainDecorator$ObservationFilter.wrapFilter(ObservationFilterChainDecorator.java:240)
	at org.springframework.security.web.ObservationFilterChainDecorator$ObservationFilter.doFilter(ObservationFilterChainDecorator.java:227)
	at org.springframework.security.web.ObservationFilterChainDecorator$VirtualFilterChain.doFilter(ObservationFilterChainDecorator.java:137)
	at org.springframework.security.web.header.HeaderWriterFilter.doHeadersAfter(HeaderWriterFilter.java:90)
	at org.springframework.security.web.header.HeaderWriterFilter.doFilterInternal(HeaderWriterFilter.java:75)
	at org.springframework.web.filter.OncePerRequestFilter.doFilter(OncePerRequestFilter.java:116)
	at org.springframework.security.web.ObservationFilterChainDecorator$ObservationFilter.wrapFilter(ObservationFilterChainDecorator.java:240)
	at org.springframework.security.web.ObservationFilterChainDecorator$ObservationFilter.doFilter(ObservationFilterChainDecorator.java:227)
	at org.springframework.security.web.ObservationFilterChainDecorator$VirtualFilterChain.doFilter(ObservationFilterChainDecorator.java:137)
	at org.springframework.security.web.context.SecurityContextHolderFilter.doFilter(SecurityContextHolderFilter.java:82)
	at org.springframework.security.web.context.SecurityContextHolderFilter.doFilter(SecurityContextHolderFilter.java:69)
	at org.springframework.security.web.ObservationFilterChainDecorator$ObservationFilter.wrapFilter(ObservationFilterChainDecorator.java:240)
	at org.springframework.security.web.ObservationFilterChainDecorator$ObservationFilter.doFilter(ObservationFilterChainDecorator.java:227)
	at org.springframework.security.web.ObservationFilterChainDecorator$VirtualFilterChain.doFilter(ObservationFilterChainDecorator.java:137)
	at org.springframework.security.web.context.request.async.WebAsyncManagerIntegrationFilter.doFilterInternal(WebAsyncManagerIntegrationFilter.java:62)
	at org.springframework.web.filter.OncePerRequestFilter.doFilter(OncePerRequestFilter.java:116)
	at org.springframework.security.web.ObservationFilterChainDecorator$ObservationFilter.wrapFilter(ObservationFilterChainDecorator.java:240)
	at org.springframework.security.web.ObservationFilterChainDecorator$ObservationFilter.doFilter(ObservationFilterChainDecorator.java:227)
	at org.springframework.security.web.ObservationFilterChainDecorator$VirtualFilterChain.doFilter(ObservationFilterChainDecorator.java:137)
	at org.springframework.security.web.session.DisableEncodeUrlFilter.doFilterInternal(DisableEncodeUrlFilter.java:42)
	at org.springframework.web.filter.OncePerRequestFilter.doFilter(OncePerRequestFilter.java:116)
	at org.springframework.security.web.ObservationFilterChainDecorator$ObservationFilter.wrapFilter(ObservationFilterChainDecorator.java:240)
	at org.springframework.security.web.ObservationFilterChainDecorator$AroundFilterObservation$SimpleAroundFilterObservation.lambda$wrap$0(ObservationFilterChainDecorator.java:323)
	at org.springframework.security.web.ObservationFilterChainDecorator$ObservationFilter.doFilter(ObservationFilterChainDecorator.java:224)
	at org.springframework.security.web.ObservationFilterChainDecorator$VirtualFilterChain.doFilter(ObservationFilterChainDecorator.java:137)
	at org.springframework.security.web.FilterChainProxy.doFilterInternal(FilterChainProxy.java:233)
	at org.springframework.security.web.FilterChainProxy.doFilter(FilterChainProxy.java:191)
	at org.springframework.web.filter.DelegatingFilterProxy.invokeDelegate(DelegatingFilterProxy.java:352)
	at org.springframework.web.filter.DelegatingFilterProxy.doFilter(DelegatingFilterProxy.java:268)
	at org.apache.catalina.core.ApplicationFilterChain.internalDoFilter(ApplicationFilterChain.java:174)
	at org.apache.catalina.core.ApplicationFilterChain.doFilter(ApplicationFilterChain.java:149)
	at org.springframework.web.filter.RequestContextFilter.doFilterInternal(RequestContextFilter.java:100)
	at org.springframework.web.filter.OncePerRequestFilter.doFilter(OncePerRequestFilter.java:116)
	at org.apache.catalina.core.ApplicationFilterChain.internalDoFilter(ApplicationFilterChain.java:174)
	at org.apache.catalina.core.ApplicationFilterChain.doFilter(ApplicationFilterChain.java:149)
	at org.springframework.web.filter.FormContentFilter.doFilterInternal(FormContentFilter.java:93)
	at org.springframework.web.filter.OncePerRequestFilter.doFilter(OncePerRequestFilter.java:116)
	at org.apache.catalina.core.ApplicationFilterChain.internalDoFilter(ApplicationFilterChain.java:174)
	at org.apache.catalina.core.ApplicationFilterChain.doFilter(ApplicationFilterChain.java:149)
	at org.springframework.web.filter.ServerHttpObservationFilter.doFilterInternal(ServerHttpObservationFilter.java:109)
	at org.springframework.web.filter.OncePerRequestFilter.doFilter(OncePerRequestFilter.java:116)
	at org.apache.catalina.core.ApplicationFilterChain.internalDoFilter(ApplicationFilterChain.java:174)
	at org.apache.catalina.core.ApplicationFilterChain.doFilter(ApplicationFilterChain.java:149)
	at org.springframework.web.filter.CharacterEncodingFilter.doFilterInternal(CharacterEncodingFilter.java:201)
	at org.springframework.web.filter.OncePerRequestFilter.doFilter(OncePerRequestFilter.java:116)
	at org.apache.catalina.core.ApplicationFilterChain.internalDoFilter(ApplicationFilterChain.java:174)
	at org.apache.catalina.core.ApplicationFilterChain.doFilter(ApplicationFilterChain.java:149)
	at org.apache.catalina.core.StandardWrapperValve.invoke(StandardWrapperValve.java:167)
	at org.apache.catalina.core.StandardContextValve.invoke(StandardContextValve.java:90)
	at org.apache.catalina.authenticator.AuthenticatorBase.invoke(AuthenticatorBase.java:482)
	at org.apache.catalina.core.StandardHostValve.invoke(StandardHostValve.java:115)
	at org.apache.catalina.valves.ErrorReportValve.invoke(ErrorReportValve.java:93)
	at org.apache.catalina.core.StandardEngineValve.invoke(StandardEngineValve.java:74)
	at org.apache.catalina.connector.CoyoteAdapter.service(CoyoteAdapter.java:341)
	at org.apache.coyote.http11.Http11Processor.service(Http11Processor.java:391)
	at org.apache.coyote.AbstractProcessorLight.process(AbstractProcessorLight.java:63)
	at org.apache.coyote.AbstractProtocol$ConnectionHandler.process(AbstractProtocol.java:894)
	at org.apache.tomcat.util.net.NioEndpoint$SocketProcessor.doRun(NioEndpoint.java:1740)
	at org.apache.tomcat.util.net.SocketProcessorBase.run(SocketProcessorBase.java:52)
	at org.apache.tomcat.util.threads.ThreadPoolExecutor.runWorker(ThreadPoolExecutor.java:1191)
	at org.apache.tomcat.util.threads.ThreadPoolExecutor$Worker.run(ThreadPoolExecutor.java:659)
	at org.apache.tomcat.util.threads.TaskThread$WrappingRunnable.run(TaskThread.java:61)
	at java.base/java.lang.Thread.run(Thread.java:842)
2024-12-10 11:43:54.517  INFO --- [ionShutdownHook] j.LocalContainerEntityManagerFactoryBean : Closing JPA EntityManagerFactory for persistence unit 'default'
2024-12-10 11:43:54.540  INFO --- [ionShutdownHook] c.z.h.HikariDataSource                   : HikariPool-1 - Shutdown initiated...
2024-12-10 11:43:54.592  INFO --- [ionShutdownHook] c.z.h.HikariDataSource                   : HikariPool-1 - Shutdown completed.
2024-12-10 11:43:58.603  INFO --- [kground-preinit] o.h.v.i.u.Version                        : HV000001: Hibernate Validator 8.0.1.Final
2024-12-10 11:43:58.710  INFO --- [           main] o.e.Main                                 : Starting Main using Java 17.0.12 with PID 2166 (/Users/erdlei_v/IdeaProjects/Furniture_Store/target/classes started by erdlei_v in /Users/erdlei_v/IdeaProjects/Furniture_Store)
2024-12-10 11:43:58.722  INFO --- [           main] o.e.Main                                 : No active profile set, falling back to 1 default profile: "default"
2024-12-10 11:43:59.280  INFO --- [           main] .s.d.r.c.RepositoryConfigurationDelegate : Bootstrapping Spring Data JPA repositories in DEFAULT mode.
2024-12-10 11:43:59.378  INFO --- [           main] .s.d.r.c.RepositoryConfigurationDelegate : Finished Spring Data repository scanning in 94 ms. Found 7 JPA repository interfaces.
2024-12-10 11:44:00.062  INFO --- [           main] o.s.b.w.e.t.TomcatWebServer              : Tomcat initialized with port(s): 8080 (http)
2024-12-10 11:44:00.068  INFO --- [           main] o.a.c.h.Http11NioProtocol                : Initializing ProtocolHandler ["http-nio-8080"]
2024-12-10 11:44:00.069  INFO --- [           main] o.a.c.c.StandardService                  : Starting service [Tomcat]
2024-12-10 11:44:00.069  INFO --- [           main] o.a.c.c.StandardEngine                   : Starting Servlet engine: [Apache Tomcat/10.1.13]
2024-12-10 11:44:00.115  INFO --- [           main] o.a.c.c.C.[.[.[/]                        : Initializing Spring embedded WebApplicationContext
2024-12-10 11:44:00.115  INFO --- [           main] w.s.c.ServletWebServerApplicationContext : Root WebApplicationContext: initialization completed in 1339 ms
2024-12-10 11:44:00.331  INFO --- [           main] c.z.h.HikariDataSource                   : HikariPool-1 - Starting...
2024-12-10 11:44:00.551  INFO --- [           main] c.z.h.p.HikariPool                       : HikariPool-1 - Added connection com.mysql.cj.jdbc.ConnectionImpl@73e93c3a
2024-12-10 11:44:00.552  INFO --- [           main] c.z.h.HikariDataSource                   : HikariPool-1 - Start completed.
2024-12-10 11:44:00.929  INFO --- [           main] l.changelog                              : Reading from furniture.databasechangelog
2024-12-10 11:44:00.942  INFO --- [           main] l.ui                                     : Database is up to date, no changesets to execute
2024-12-10 11:44:00.944  INFO --- [           main] l.changelog                              : Reading from furniture.databasechangelog
2024-12-10 11:44:00.948  INFO --- [           main] l.util                                   : UPDATE SUMMARY
2024-12-10 11:44:00.948  INFO --- [           main] l.util                                   : Run:                          0
2024-12-10 11:44:00.949  INFO --- [           main] l.util                                   : Previously run:               0
2024-12-10 11:44:00.949  INFO --- [           main] l.util                                   : Filtered out:                 0
2024-12-10 11:44:00.949  INFO --- [           main] l.util                                   : -------------------------------
2024-12-10 11:44:00.949  INFO --- [           main] l.util                                   : Total change sets:            0
2024-12-10 11:44:00.949  INFO --- [           main] l.util                                   : Update summary generated
2024-12-10 11:44:00.960  INFO --- [           main] l.lockservice                            : Successfully released change log lock
2024-12-10 11:44:00.961  INFO --- [           main] l.command                                : Command execution complete
2024-12-10 11:44:01.007  INFO --- [           main] o.h.j.i.u.LogHelper                      : HHH000204: Processing PersistenceUnitInfo [name: default]
2024-12-10 11:44:01.040  INFO --- [           main] o.h.Version                              : HHH000412: Hibernate ORM core version 6.2.9.Final
2024-12-10 11:44:01.042  INFO --- [           main] o.h.c.Environment                        : HHH000406: Using bytecode reflection optimizer
2024-12-10 11:44:01.122  INFO --- [           main] o.h.b.i.BytecodeProviderInitiator        : HHH000021: Bytecode provider name : bytebuddy
2024-12-10 11:44:01.210  INFO --- [           main] o.s.o.j.p.SpringPersistenceUnitInfo      : No LoadTimeWeaver setup: ignoring JPA class transformer
2024-12-10 11:44:01.236  WARN --- [           main] o.h.o.deprecation                        : HHH90000026: MySQL8Dialect has been deprecated; use org.hibernate.dialect.MySQLDialect instead
2024-12-10 11:44:01.363  INFO --- [           main] o.h.b.i.BytecodeProviderInitiator        : HHH000021: Bytecode provider name : bytebuddy
2024-12-10 11:44:01.831  INFO --- [           main] o.h.e.t.j.p.i.JtaPlatformInitiator       : HHH000490: Using JtaPlatform implementation: [org.hibernate.engine.transaction.jta.platform.internal.NoJtaPlatform]
2024-12-10 11:44:01.954  INFO --- [           main] j.LocalContainerEntityManagerFactoryBean : Initialized JPA EntityManagerFactory for persistence unit 'default'
2024-12-10 11:44:02.220  INFO --- [           main] o.s.d.j.r.q.QueryEnhancerFactory         : Hibernate is in classpath; If applicable, HQL parser will be used.
2024-12-10 11:44:02.801  WARN --- [           main] JpaBaseConfiguration$JpaWebConfiguration : spring.jpa.open-in-view is enabled by default. Therefore, database queries may be performed during view rendering. Explicitly configure spring.jpa.open-in-view to disable this warning
2024-12-10 11:44:03.110  INFO --- [           main] o.s.b.a.e.w.EndpointLinksResolver        : Exposing 1 endpoint(s) beneath base path '/actuator'
2024-12-10 11:44:03.160  INFO --- [           main] o.s.s.w.DefaultSecurityFilterChain       : Will secure any request with [org.springframework.security.web.session.DisableEncodeUrlFilter@4cdedf52, org.springframework.security.web.context.request.async.WebAsyncManagerIntegrationFilter@7d776202, org.springframework.security.web.context.SecurityContextHolderFilter@2f73cc9d, org.springframework.security.web.header.HeaderWriterFilter@1a4f3538, org.springframework.security.web.authentication.logout.LogoutFilter@60873af4, org.example.security.JwtFilter@1e8bccfb, org.springframework.security.web.savedrequest.RequestCacheAwareFilter@5b02d7a7, org.springframework.security.web.servletapi.SecurityContextHolderAwareRequestFilter@16716806, org.springframework.security.web.authentication.AnonymousAuthenticationFilter@5887c3a9, org.springframework.security.web.session.SessionManagementFilter@40ea0f55, org.springframework.security.web.access.ExceptionTranslationFilter@768ceda4, org.springframework.security.web.access.intercept.AuthorizationFilter@493f14e7]
2024-12-10 11:44:03.567  INFO --- [           main] o.a.c.h.Http11NioProtocol                : Starting ProtocolHandler ["http-nio-8080"]
2024-12-10 11:44:03.578  INFO --- [           main] o.s.b.w.e.t.TomcatWebServer              : Tomcat started on port(s): 8080 (http) with context path ''
2024-12-10 11:44:03.591  INFO --- [           main] o.e.Main                                 : Started Main in 5.227 seconds (process running for 6.048)
2024-12-10 11:44:04.097  INFO --- [2)-192.168.2.81] o.a.c.c.C.[.[.[/]                        : Initializing Spring DispatcherServlet 'dispatcherServlet'
2024-12-10 11:44:04.098  INFO --- [2)-192.168.2.81] o.s.w.s.DispatcherServlet                : Initializing Servlet 'dispatcherServlet'
2024-12-10 11:44:04.099  INFO --- [2)-192.168.2.81] o.s.w.s.DispatcherServlet                : Completed initialization in 1 ms
2024-12-10 11:54:45.688  INFO --- [ionShutdownHook] j.LocalContainerEntityManagerFactoryBean : Closing JPA EntityManagerFactory for persistence unit 'default'
2024-12-10 11:54:45.694  INFO --- [ionShutdownHook] c.z.h.HikariDataSource                   : HikariPool-1 - Shutdown initiated...
2024-12-10 11:54:45.728  INFO --- [ionShutdownHook] c.z.h.HikariDataSource                   : HikariPool-1 - Shutdown completed.
2024-12-10 11:54:49.833  INFO --- [kground-preinit] o.h.v.i.u.Version                        : HV000001: Hibernate Validator 8.0.1.Final
2024-12-10 11:54:49.892  INFO --- [           main] o.e.Main                                 : Starting Main using Java 17.0.12 with PID 15641 (/Users/erdlei_v/IdeaProjects/Furniture_Store/target/classes started by erdlei_v in /Users/erdlei_v/IdeaProjects/Furniture_Store)
2024-12-10 11:54:49.895  INFO --- [           main] o.e.Main                                 : No active profile set, falling back to 1 default profile: "default"
2024-12-10 11:54:50.392  INFO --- [           main] .s.d.r.c.RepositoryConfigurationDelegate : Bootstrapping Spring Data JPA repositories in DEFAULT mode.
2024-12-10 11:54:50.492  INFO --- [           main] .s.d.r.c.RepositoryConfigurationDelegate : Finished Spring Data repository scanning in 95 ms. Found 7 JPA repository interfaces.
2024-12-10 11:54:51.189  INFO --- [           main] o.s.b.w.e.t.TomcatWebServer              : Tomcat initialized with port(s): 8080 (http)
2024-12-10 11:54:51.194  INFO --- [           main] o.a.c.h.Http11NioProtocol                : Initializing ProtocolHandler ["http-nio-8080"]
2024-12-10 11:54:51.195  INFO --- [           main] o.a.c.c.StandardService                  : Starting service [Tomcat]
2024-12-10 11:54:51.195  INFO --- [           main] o.a.c.c.StandardEngine                   : Starting Servlet engine: [Apache Tomcat/10.1.13]
2024-12-10 11:54:51.244  INFO --- [           main] o.a.c.c.C.[.[.[/]                        : Initializing Spring embedded WebApplicationContext
2024-12-10 11:54:51.244  INFO --- [           main] w.s.c.ServletWebServerApplicationContext : Root WebApplicationContext: initialization completed in 1322 ms
2024-12-10 11:54:51.456  INFO --- [           main] c.z.h.HikariDataSource                   : HikariPool-1 - Starting...
2024-12-10 11:54:51.715  INFO --- [           main] c.z.h.p.HikariPool                       : HikariPool-1 - Added connection com.mysql.cj.jdbc.ConnectionImpl@456b140f
2024-12-10 11:54:51.716  INFO --- [           main] c.z.h.HikariDataSource                   : HikariPool-1 - Start completed.
2024-12-10 11:54:52.094  INFO --- [           main] l.changelog                              : Reading from furniture.databasechangelog
2024-12-10 11:54:52.109  INFO --- [           main] l.ui                                     : Database is up to date, no changesets to execute
2024-12-10 11:54:52.110  INFO --- [           main] l.changelog                              : Reading from furniture.databasechangelog
2024-12-10 11:54:52.116  INFO --- [           main] l.util                                   : UPDATE SUMMARY
2024-12-10 11:54:52.116  INFO --- [           main] l.util                                   : Run:                          0
2024-12-10 11:54:52.116  INFO --- [           main] l.util                                   : Previously run:               0
2024-12-10 11:54:52.116  INFO --- [           main] l.util                                   : Filtered out:                 0
2024-12-10 11:54:52.116  INFO --- [           main] l.util                                   : -------------------------------
2024-12-10 11:54:52.116  INFO --- [           main] l.util                                   : Total change sets:            0
2024-12-10 11:54:52.117  INFO --- [           main] l.util                                   : Update summary generated
2024-12-10 11:54:52.127  INFO --- [           main] l.lockservice                            : Successfully released change log lock
2024-12-10 11:54:52.128  INFO --- [           main] l.command                                : Command execution complete
2024-12-10 11:54:52.187  INFO --- [           main] o.h.j.i.u.LogHelper                      : HHH000204: Processing PersistenceUnitInfo [name: default]
2024-12-10 11:54:52.229  INFO --- [           main] o.h.Version                              : HHH000412: Hibernate ORM core version 6.2.9.Final
2024-12-10 11:54:52.230  INFO --- [           main] o.h.c.Environment                        : HHH000406: Using bytecode reflection optimizer
2024-12-10 11:54:52.307  INFO --- [           main] o.h.b.i.BytecodeProviderInitiator        : HHH000021: Bytecode provider name : bytebuddy
2024-12-10 11:54:52.398  INFO --- [           main] o.s.o.j.p.SpringPersistenceUnitInfo      : No LoadTimeWeaver setup: ignoring JPA class transformer
2024-12-10 11:54:52.419  WARN --- [           main] o.h.o.deprecation                        : HHH90000026: MySQL8Dialect has been deprecated; use org.hibernate.dialect.MySQLDialect instead
2024-12-10 11:54:52.548  INFO --- [           main] o.h.b.i.BytecodeProviderInitiator        : HHH000021: Bytecode provider name : bytebuddy
2024-12-10 11:54:53.019  INFO --- [           main] o.h.e.t.j.p.i.JtaPlatformInitiator       : HHH000490: Using JtaPlatform implementation: [org.hibernate.engine.transaction.jta.platform.internal.NoJtaPlatform]
2024-12-10 11:54:53.131  INFO --- [           main] j.LocalContainerEntityManagerFactoryBean : Initialized JPA EntityManagerFactory for persistence unit 'default'
2024-12-10 11:54:53.418  INFO --- [           main] o.s.d.j.r.q.QueryEnhancerFactory         : Hibernate is in classpath; If applicable, HQL parser will be used.
2024-12-10 11:54:54.060  WARN --- [           main] JpaBaseConfiguration$JpaWebConfiguration : spring.jpa.open-in-view is enabled by default. Therefore, database queries may be performed during view rendering. Explicitly configure spring.jpa.open-in-view to disable this warning
2024-12-10 11:54:54.423  INFO --- [           main] o.s.b.a.e.w.EndpointLinksResolver        : Exposing 1 endpoint(s) beneath base path '/actuator'
2024-12-10 11:54:54.488  INFO --- [           main] o.s.s.w.DefaultSecurityFilterChain       : Will secure any request with [org.springframework.security.web.session.DisableEncodeUrlFilter@733cb124, org.springframework.security.web.context.request.async.WebAsyncManagerIntegrationFilter@1540be61, org.springframework.security.web.context.SecurityContextHolderFilter@36d61bbf, org.springframework.security.web.header.HeaderWriterFilter@6a2affb6, org.springframework.security.web.authentication.logout.LogoutFilter@6bd02ccb, org.example.security.JwtFilter@1f1fbc9f, org.springframework.security.web.savedrequest.RequestCacheAwareFilter@6614987b, org.springframework.security.web.servletapi.SecurityContextHolderAwareRequestFilter@7d350acc, org.springframework.security.web.authentication.AnonymousAuthenticationFilter@41277db, org.springframework.security.web.session.SessionManagementFilter@5b02d7a7, org.springframework.security.web.access.ExceptionTranslationFilter@1b5b656b, org.springframework.security.web.access.intercept.AuthorizationFilter@5887c3a9]
2024-12-10 11:54:55.032  INFO --- [           main] o.a.c.h.Http11NioProtocol                : Starting ProtocolHandler ["http-nio-8080"]
2024-12-10 11:54:55.054  INFO --- [           main] o.s.b.w.e.t.TomcatWebServer              : Tomcat started on port(s): 8080 (http) with context path ''
2024-12-10 11:54:55.078  INFO --- [           main] o.e.Main                                 : Started Main in 5.421 seconds (process running for 6.115)
2024-12-10 11:54:55.507  INFO --- [3)-192.168.2.81] o.a.c.c.C.[.[.[/]                        : Initializing Spring DispatcherServlet 'dispatcherServlet'
2024-12-10 11:54:55.508  INFO --- [3)-192.168.2.81] o.s.w.s.DispatcherServlet                : Initializing Servlet 'dispatcherServlet'
2024-12-10 11:54:55.509  INFO --- [3)-192.168.2.81] o.s.w.s.DispatcherServlet                : Completed initialization in 1 ms
